<?xml version="1.0" encoding="UTF-8"?>
<!-- Generated by org.testng.reporters.JUnitReportReporter -->
<testsuite hostname="MSI" failures="0" tests="1" name="org.mobileautomation.AppiumBasics" time="49.128" errors="0" timestamp="2023-10-26T15:58:42 IST" skipped="0">
  <testcase classname="org.mobileautomation.AppiumBasics" name="AppiumTest" time="49.128"/>
  <system-out/>
</testsuite> <!-- org.mobileautomation.AppiumBasics -->
