<?xml version="1.0" encoding="UTF-8"?>
<!-- Generated by org.testng.reporters.JUnitReportReporter -->
<testsuite hostname="MSI" failures="0" tests="1" name="org.mobileautomation.NRIhomepageTest" time="118.198" errors="0" timestamp="2023-12-07T16:53:11 IST" skipped="0">
  <testcase classname="org.mobileautomation.NRIhomepageTest" name="NRIpageTest" time="118.198"/>
  <system-out/>
</testsuite> <!-- org.mobileautomation.NRIhomepageTest -->
