<?xml version="1.0" encoding="UTF-8"?>
<!-- Generated by org.testng.reporters.JUnitReportReporter -->
<testsuite hostname="MSI" failures="0" tests="1" name="org.mobileautomation.OurofferingforyouwidgetTest" time="55.960" errors="0" timestamp="2023-11-16T12:17:06 IST" skipped="0">
  <testcase classname="org.mobileautomation.OurofferingforyouwidgetTest" name="ourOfferingWidgetTest" time="55.960"/>
  <system-out/>
</testsuite> <!-- org.mobileautomation.OurofferingforyouwidgetTest -->
