<?xml version="1.0" encoding="UTF-8"?>
<!-- Generated by org.testng.reporters.JUnitReportReporter -->
<testsuite hostname="MSI" failures="0" tests="1" name="org.mobileautomation.PreloginTest" time="74.400" errors="0" timestamp="2023-12-06T15:57:43 IST" skipped="0">
  <testcase classname="org.mobileautomation.PreloginTest" name="PreloginpageTest" time="74.400"/>
  <system-out/>
</testsuite> <!-- org.mobileautomation.PreloginTest -->
