<?xml version="1.0" encoding="UTF-8"?>
<!-- Generated by org.testng.reporters.JUnitReportReporter -->
<testsuite hostname="MSI" failures="0" tests="1" name="org.mobileautomation.PaypremiumL1screenTest" time="36.133" errors="0" timestamp="2023-11-30T15:42:27 IST" skipped="0">
  <testcase classname="org.mobileautomation.PaypremiumL1screenTest" name="paypremiumpageTest" time="36.133"/>
  <system-out/>
</testsuite> <!-- org.mobileautomation.PaypremiumL1screenTest -->
